0 verbose cli D:\study\SpringBootStudy\course-selection-system\nodejs\node.exe D:\study\SpringBootStudy\course-selection-system\nodejs\node_modules\npm\bin\npm-cli.js
1 info using npm@11.9.0
2 info using node@v24.14.0
3 silly config load:file:D:\study\SpringBootStudy\course-selection-system\nodejs\node_modules\npm\npmrc
4 silly config load:file:C:\Users\tjy23\AppData\Local\Microsoft\TypeScript\5.9\.npmrc
5 silly config load:file:C:\Users\tjy23\.npmrc
6 silly config load:file:D:\study\SpringBootStudy\course-selection-system\nodejs\node_global\etc\npmrc
7 verbose title npm install @types/node@ts5.9
8 verbose argv "install" "--ignore-scripts" "@types/node@ts5.9" "--save-dev" "--user-agent" "typesInstaller/5.9.3"
9 verbose logfile logs-max:10 dir:D:\study\SpringBootStudy\course-selection-system\nodejs\node_cache\_logs\2026-03-13T13_37_32_689Z-
10 verbose logfile D:\study\SpringBootStudy\course-selection-system\nodejs\node_cache\_logs\2026-03-13T13_37_32_689Z-debug-0.log
11 silly logfile start cleaning logs, removing 1 files
12 silly packumentCache heap:4496293888 maxSize:1124073472 maxEntrySize:562036736
13 silly logfile done cleaning log files
14 silly packumentCache corgi:https://registry.npmmirror.com/@types%2fnode cache-miss
15 http fetch GET 200 https://registry.npmmirror.com/@types%2fnode 1620ms (cache miss)
16 silly packumentCache corgi:https://registry.npmmirror.com/@types%2fnode set size:554374 disposed:false
17 silly idealTree buildDeps
18 silly fetch manifest @types/node@25.5.0
19 silly packumentCache full:https://registry.npmmirror.com/@types%2fnode cache-miss
20 http fetch GET 200 https://registry.npmmirror.com/@types%2fnode 202ms (cache revalidated)
21 silly packumentCache full:https://registry.npmmirror.com/@types%2fnode set size:10179174 disposed:false
22 silly placeDep ROOT @types/node@25.5.0 OK for:  want: 25.5.0
23 silly fetch manifest undici-types@~7.18.0
24 silly packumentCache full:https://registry.npmmirror.com/undici-types cache-miss
25 http fetch GET 200 https://registry.npmmirror.com/undici-types 111ms (cache miss)
26 silly packumentCache full:https://registry.npmmirror.com/undici-types set size:34088 disposed:false
27 silly placeDep ROOT undici-types@7.18.2 OK for: @types/node@25.5.0 want: ~7.18.0
28 silly reify moves {}
29 silly audit bulk request {
29 silly audit   '@types/react': [ '19.2.14' ],
29 silly audit   csstype: [ '3.2.3' ],
29 silly audit   'types-registry': [ '0.1.760' ],
29 silly audit   '@types/node': [ '25.5.0' ],
29 silly audit   'undici-types': [ '7.18.2' ]
29 silly audit }
30 http cache undici-types@https://registry.npmmirror.com/undici-types/-/undici-types-7.18.2.tgz 0ms (cache hit)
31 http cache @types/node@https://registry.npmmirror.com/@types/node/-/node-25.5.0.tgz 0ms (cache hit)
32 silly tarball no local data for undici-types@https://registry.npmmirror.com/undici-types/-/undici-types-7.18.2.tgz. Extracting by manifest.
33 silly tarball no local data for @types/node@https://registry.npmmirror.com/@types/node/-/node-25.5.0.tgz. Extracting by manifest.
34 http fetch POST 404 https://registry.npmmirror.com/-/npm/v1/security/advisories/bulk 158ms
35 verbose audit error HttpErrorGeneral: 404 Not Found - POST https://registry.npmmirror.com/-/npm/v1/security/advisories/bulk - [NOT_IMPLEMENTED] /-/npm/v1/security/* not implemented yet
35 verbose audit error     at D:\study\SpringBootStudy\course-selection-system\nodejs\node_modules\npm\node_modules\npm-registry-fetch\lib\check-response.js:103:15
35 verbose audit error     at process.processTicksAndRejections (node:internal/process/task_queues:104:5)
35 verbose audit error     at async #getReport (D:\study\SpringBootStudy\course-selection-system\nodejs\node_modules\npm\node_modules\@npmcli\arborist\lib\audit-report.js:275:19)
35 verbose audit error     at async AuditReport.run (D:\study\SpringBootStudy\course-selection-system\nodejs\node_modules\npm\node_modules\@npmcli\arborist\lib\audit-report.js:100:19) {
35 verbose audit error   headers: [Object: null prototype] {
35 verbose audit error     server: [ 'Tengine' ],
35 verbose audit error     date: [ 'Fri, 13 Mar 2026 13:37:30 GMT' ],
35 verbose audit error     'content-type': [ 'application/json' ],
35 verbose audit error     'transfer-encoding': [ 'chunked' ],
35 verbose audit error     connection: [ 'keep-alive' ],
35 verbose audit error     'strict-transport-security': [ 'max-age=5184000' ],
35 verbose audit error     via: [ 'kunlun8.cn8010[,404666]' ],
35 verbose audit error     'timing-allow-origin': [ '*' ],
35 verbose audit error     eagleid: [ '7ca0901c17734090500157066e' ],
35 verbose audit error     'x-fetch-attempts': [ '1' ]
35 verbose audit error   },
35 verbose audit error   statusCode: 404,
35 verbose audit error   code: 'E404',
35 verbose audit error   method: 'POST',
35 verbose audit error   uri: 'https://registry.npmmirror.com/-/npm/v1/security/advisories/bulk',
35 verbose audit error   body: {
35 verbose audit error     error: '[NOT_IMPLEMENTED] /-/npm/v1/security/* not implemented yet'
35 verbose audit error   },
35 verbose audit error   pkgid: undefined
35 verbose audit error }
36 silly audit error [object Object]
37 silly audit report null
38 http fetch GET 200 https://cdn.npmmirror.com/packages/undici-types/7.18.2/undici-types-7.18.2.tgz 834ms (cache miss)
39 http fetch GET 200 https://cdn.npmmirror.com/packages/%40types/node/25.5.0/node-25.5.0.tgz 973ms (cache miss)
40 silly ADD node_modules/undici-types
41 silly ADD node_modules/@types/node
42 verbose cwd C:\Users\tjy23\AppData\Local\Microsoft\TypeScript\5.9
43 verbose os Windows_NT 10.0.26100
44 verbose node v24.14.0
45 verbose npm  v11.9.0
46 verbose exit 0
47 info ok
