0 verbose cli D:\study\SpringBootStudy\course-selection-system\nodejs\node.exe D:\study\SpringBootStudy\course-selection-system\nodejs\node_modules\npm\bin\npm-cli.js
1 info using npm@11.9.0
2 info using node@v24.14.0
3 silly config load:file:D:\study\SpringBootStudy\course-selection-system\nodejs\node_modules\npm\npmrc
4 silly config load:file:C:\Users\tjy23\AppData\Local\Microsoft\TypeScript\5.9\.npmrc
5 silly config load:file:C:\Users\tjy23\.npmrc
6 silly config load:file:D:\study\SpringBootStudy\course-selection-system\nodejs\node_global\etc\npmrc
7 verbose title npm install types-registry@latest
8 verbose argv "install" "--ignore-scripts" "types-registry@latest"
9 verbose logfile logs-max:10 dir:D:\study\SpringBootStudy\course-selection-system\nodejs\node_cache\_logs\2026-03-25T12_06_39_808Z-
10 verbose logfile D:\study\SpringBootStudy\course-selection-system\nodejs\node_cache\_logs\2026-03-25T12_06_39_808Z-debug-0.log
11 silly logfile start cleaning logs, removing 1 files
12 silly packumentCache heap:4496293888 maxSize:1124073472 maxEntrySize:562036736
13 silly logfile done cleaning log files
14 silly packumentCache corgi:https://registry.npmmirror.com/types-registry cache-miss
15 http fetch GET 200 https://registry.npmmirror.com/types-registry 558ms (cache updated)
16 silly packumentCache corgi:https://registry.npmmirror.com/types-registry set size:153656 disposed:false
17 silly idealTree buildDeps
18 silly fetch manifest types-registry@0.1.762
19 silly packumentCache full:https://registry.npmmirror.com/types-registry cache-miss
20 http fetch GET 200 https://registry.npmmirror.com/types-registry 69ms (cache updated)
21 silly packumentCache full:https://registry.npmmirror.com/types-registry set size:241734 disposed:false
22 silly placeDep ROOT types-registry@0.1.762 REPLACE for:  want: 0.1.762
23 silly reify mark retired [
23 silly reify   'C:\\Users\\tjy23\\AppData\\Local\\Microsoft\\TypeScript\\5.9\\node_modules\\types-registry'
23 silly reify ]
24 silly reify moves {
24 silly reify   'C:\\Users\\tjy23\\AppData\\Local\\Microsoft\\TypeScript\\5.9\\node_modules\\types-registry': 'C:\\Users\\tjy23\\AppData\\Local\\Microsoft\\TypeScript\\5.9\\node_modules\\.types-registry-cuB5rjkR'
24 silly reify }
25 silly audit bulk request {
25 silly audit   '@types/node': [ '25.5.0' ],
25 silly audit   '@types/react': [ '19.2.14' ],
25 silly audit   csstype: [ '3.2.3' ],
25 silly audit   'undici-types': [ '7.18.2' ],
25 silly audit   'types-registry': [ '0.1.762' ]
25 silly audit }
26 http cache types-registry@https://registry.npmmirror.com/types-registry/-/types-registry-0.1.762.tgz 0ms (cache hit)
27 silly tarball no local data for types-registry@https://registry.npmmirror.com/types-registry/-/types-registry-0.1.762.tgz. Extracting by manifest.
28 http fetch POST 404 https://registry.npmmirror.com/-/npm/v1/security/advisories/bulk 30ms
29 verbose audit error HttpErrorGeneral: 404 Not Found - POST https://registry.npmmirror.com/-/npm/v1/security/advisories/bulk - [NOT_IMPLEMENTED] /-/npm/v1/security/* not implemented yet
29 verbose audit error     at D:\study\SpringBootStudy\course-selection-system\nodejs\node_modules\npm\node_modules\npm-registry-fetch\lib\check-response.js:103:15
29 verbose audit error     at process.processTicksAndRejections (node:internal/process/task_queues:104:5)
29 verbose audit error     at async #getReport (D:\study\SpringBootStudy\course-selection-system\nodejs\node_modules\npm\node_modules\@npmcli\arborist\lib\audit-report.js:275:19)
29 verbose audit error     at async AuditReport.run (D:\study\SpringBootStudy\course-selection-system\nodejs\node_modules\npm\node_modules\@npmcli\arborist\lib\audit-report.js:100:19) {
29 verbose audit error   headers: [Object: null prototype] {
29 verbose audit error     server: [ 'Tengine' ],
29 verbose audit error     date: [ 'Wed, 25 Mar 2026 12:06:39 GMT' ],
29 verbose audit error     'content-type': [ 'application/json' ],
29 verbose audit error     'transfer-encoding': [ 'chunked' ],
29 verbose audit error     connection: [ 'keep-alive' ],
29 verbose audit error     'strict-transport-security': [ 'max-age=5184000' ],
29 verbose audit error     via: [ 'kunlun4.cn9041[,404666]' ],
29 verbose audit error     'timing-allow-origin': [ '*' ],
29 verbose audit error     eagleid: [ '7171640917744403992876267e' ],
29 verbose audit error     'x-fetch-attempts': [ '1' ]
29 verbose audit error   },
29 verbose audit error   statusCode: 404,
29 verbose audit error   code: 'E404',
29 verbose audit error   method: 'POST',
29 verbose audit error   uri: 'https://registry.npmmirror.com/-/npm/v1/security/advisories/bulk',
29 verbose audit error   body: {
29 verbose audit error     error: '[NOT_IMPLEMENTED] /-/npm/v1/security/* not implemented yet'
29 verbose audit error   },
29 verbose audit error   pkgid: undefined
29 verbose audit error }
30 silly audit error [object Object]
31 silly audit report null
32 http fetch GET 200 https://cdn.npmmirror.com/packages/types-registry/0.1.762/types-registry-0.1.762.tgz 706ms (cache miss)
33 silly CHANGE node_modules/types-registry
34 verbose cwd C:\Users\tjy23\AppData\Local\Microsoft\TypeScript\5.9
35 verbose os Windows_NT 10.0.26100
36 verbose node v24.14.0
37 verbose npm  v11.9.0
38 verbose exit 0
39 info ok
