0 verbose cli D:\study\SpringBootStudy\course-selection-system\nodejs\node.exe D:\study\SpringBootStudy\course-selection-system\nodejs\node_modules\npm\bin\npm-cli.js
1 info using npm@11.9.0
2 info using node@v24.14.0
3 silly config load:file:D:\study\SpringBootStudy\course-selection-system\nodejs\node_modules\npm\npmrc
4 silly config load:file:C:\Users\tjy23\AppData\Local\Microsoft\TypeScript\5.9\.npmrc
5 silly config load:file:C:\Users\tjy23\.npmrc
6 silly config load:file:D:\study\SpringBootStudy\course-selection-system\nodejs\node_global\etc\npmrc
7 verbose title npm install types-registry@latest
8 verbose argv "install" "--ignore-scripts" "types-registry@latest"
9 verbose logfile logs-max:10 dir:D:\study\SpringBootStudy\course-selection-system\nodejs\node_cache\_logs\2026-03-13T13_34_35_171Z-
10 verbose logfile D:\study\SpringBootStudy\course-selection-system\nodejs\node_cache\_logs\2026-03-13T13_34_35_171Z-debug-0.log
11 silly logfile start cleaning logs, removing 1 files
12 silly packumentCache heap:4496293888 maxSize:1124073472 maxEntrySize:562036736
13 silly logfile done cleaning log files
14 silly packumentCache corgi:https://registry.npmmirror.com/types-registry cache-miss
15 http fetch GET 200 https://registry.npmmirror.com/types-registry 628ms (cache revalidated)
16 silly packumentCache corgi:https://registry.npmmirror.com/types-registry set size:454520 disposed:false
17 silly idealTree buildDeps
18 silly fetch manifest types-registry@0.1.760
19 silly packumentCache full:https://registry.npmmirror.com/types-registry cache-miss
20 http fetch GET 200 https://registry.npmmirror.com/types-registry 155ms (cache revalidated)
21 silly packumentCache full:https://registry.npmmirror.com/types-registry set size:1229424 disposed:false
22 silly placeDep ROOT types-registry@0.1.760 REPLACE for:  want: 0.1.760
23 silly reify moves {}
24 silly audit bulk request {
24 silly audit   '@types/react': [ '19.2.14' ],
24 silly audit   csstype: [ '3.2.3' ],
24 silly audit   'types-registry': [ '0.1.760' ]
24 silly audit }
25 http fetch POST 404 https://registry.npmmirror.com/-/npm/v1/security/advisories/bulk 167ms
26 verbose audit error HttpErrorGeneral: 404 Not Found - POST https://registry.npmmirror.com/-/npm/v1/security/advisories/bulk - [NOT_IMPLEMENTED] /-/npm/v1/security/* not implemented yet
26 verbose audit error     at D:\study\SpringBootStudy\course-selection-system\nodejs\node_modules\npm\node_modules\npm-registry-fetch\lib\check-response.js:103:15
26 verbose audit error     at process.processTicksAndRejections (node:internal/process/task_queues:104:5)
26 verbose audit error     at async #getReport (D:\study\SpringBootStudy\course-selection-system\nodejs\node_modules\npm\node_modules\@npmcli\arborist\lib\audit-report.js:275:19)
26 verbose audit error     at async AuditReport.run (D:\study\SpringBootStudy\course-selection-system\nodejs\node_modules\npm\node_modules\@npmcli\arborist\lib\audit-report.js:100:19)
26 verbose audit error     at async Arborist.reify (D:\study\SpringBootStudy\course-selection-system\nodejs\node_modules\npm\node_modules\@npmcli\arborist\lib\arborist\reify.js:253:24)
26 verbose audit error     at async Install.exec (D:\study\SpringBootStudy\course-selection-system\nodejs\node_modules\npm\lib\commands\install.js:151:5)
26 verbose audit error     at async Npm.exec (D:\study\SpringBootStudy\course-selection-system\nodejs\node_modules\npm\lib\npm.js:208:9)
26 verbose audit error     at async module.exports (D:\study\SpringBootStudy\course-selection-system\nodejs\node_modules\npm\lib\cli\entry.js:67:5) {
26 verbose audit error   headers: [Object: null prototype] {
26 verbose audit error     server: [ 'Tengine' ],
26 verbose audit error     date: [ 'Fri, 13 Mar 2026 13:34:31 GMT' ],
26 verbose audit error     'content-type': [ 'application/json' ],
26 verbose audit error     'transfer-encoding': [ 'chunked' ],
26 verbose audit error     connection: [ 'keep-alive' ],
26 verbose audit error     'strict-transport-security': [ 'max-age=5184000' ],
26 verbose audit error     via: [ 'kunlun5.cn8963[,404666]' ],
26 verbose audit error     'timing-allow-origin': [ '*' ],
26 verbose audit error     eagleid: [ '7084dd1917734088714292837e' ],
26 verbose audit error     'x-fetch-attempts': [ '1' ]
26 verbose audit error   },
26 verbose audit error   statusCode: 404,
26 verbose audit error   code: 'E404',
26 verbose audit error   method: 'POST',
26 verbose audit error   uri: 'https://registry.npmmirror.com/-/npm/v1/security/advisories/bulk',
26 verbose audit error   body: {
26 verbose audit error     error: '[NOT_IMPLEMENTED] /-/npm/v1/security/* not implemented yet'
26 verbose audit error   },
26 verbose audit error   pkgid: undefined
26 verbose audit error }
27 silly audit error [object Object]
28 silly audit report null
29 verbose cwd C:\Users\tjy23\AppData\Local\Microsoft\TypeScript\5.9
30 verbose os Windows_NT 10.0.26100
31 verbose node v24.14.0
32 verbose npm  v11.9.0
33 verbose exit 0
34 info ok
